mode: set
github.com/sshaparenko/validgate/internal/service/validation.go:15.51,17.2 1 1
github.com/sshaparenko/validgate/internal/service/validation.go:20.45,24.22 3 1
github.com/sshaparenko/validgate/internal/service/validation.go:24.22,26.3 1 1
github.com/sshaparenko/validgate/internal/service/validation.go:28.2,29.16 2 1
github.com/sshaparenko/validgate/internal/service/validation.go:29.16,31.3 1 0
github.com/sshaparenko/validgate/internal/service/validation.go:33.2,34.16 2 1
github.com/sshaparenko/validgate/internal/service/validation.go:34.16,36.3 1 0
github.com/sshaparenko/validgate/internal/service/validation.go:37.2,42.31 5 1
github.com/sshaparenko/validgate/internal/service/validation.go:42.31,44.3 1 1
github.com/sshaparenko/validgate/internal/service/validation.go:46.2,48.26 2 1
github.com/sshaparenko/validgate/internal/service/validation.go:48.26,50.3 1 1
github.com/sshaparenko/validgate/internal/service/validation.go:52.2,52.28 1 1
github.com/sshaparenko/validgate/internal/service/validation.go:57.56,61.27 3 1
github.com/sshaparenko/validgate/internal/service/validation.go:61.27,63.17 2 1
github.com/sshaparenko/validgate/internal/service/validation.go:63.17,65.4 1 0
github.com/sshaparenko/validgate/internal/service/validation.go:66.3,66.24 1 1
github.com/sshaparenko/validgate/internal/service/validation.go:69.2,69.24 1 1
github.com/sshaparenko/validgate/internal/service/validation.go:72.42,73.45 1 1
github.com/sshaparenko/validgate/internal/service/validation.go:73.45,75.3 1 1
github.com/sshaparenko/validgate/internal/service/validation.go:78.40,79.31 1 1
github.com/sshaparenko/validgate/internal/service/validation.go:79.31,80.12 1 1
github.com/sshaparenko/validgate/internal/service/validation.go:80.12,82.4 1 1
github.com/sshaparenko/validgate/internal/service/validation.go:86.47,89.2 2 1
github.com/sshaparenko/validgate/internal/service/validation.go:91.45,94.24 2 1
github.com/sshaparenko/validgate/internal/service/validation.go:94.24,96.3 1 1
github.com/sshaparenko/validgate/internal/service/validation.go:98.2,98.54 1 1
github.com/sshaparenko/validgate/internal/service/validation.go:98.54,100.3 1 1
github.com/sshaparenko/validgate/internal/service/validation.go:102.2,102.14 1 1
github.com/sshaparenko/validgate/internal/domain/models.go:17.41,19.16 2 0
github.com/sshaparenko/validgate/internal/domain/models.go:19.16,21.3 1 0
github.com/sshaparenko/validgate/internal/domain/models.go:22.2,22.50 1 0
github.com/sshaparenko/validgate/internal/domain/models.go:22.50,24.3 1 0
github.com/sshaparenko/validgate/internal/domain/models.go:26.2,26.20 1 0
github.com/sshaparenko/validgate/internal/domain/models.go:34.84,35.9 1 0
github.com/sshaparenko/validgate/internal/domain/models.go:36.48,37.42 1 0
github.com/sshaparenko/validgate/internal/domain/models.go:38.52,39.42 1 0
github.com/sshaparenko/validgate/internal/domain/models.go:40.10,41.34 1 0
github.com/sshaparenko/validgate/internal/domain/models.go:43.2,43.12 1 0
github.com/sshaparenko/validgate/cmd/main/main.go:17.13,28.12 5 0
github.com/sshaparenko/validgate/cmd/main/main.go:28.12,34.13 4 0
github.com/sshaparenko/validgate/cmd/main/main.go:34.13,36.53 2 0
github.com/sshaparenko/validgate/cmd/main/main.go:36.53,38.5 1 0
github.com/sshaparenko/validgate/cmd/main/main.go:41.3,43.17 3 0
github.com/sshaparenko/validgate/cmd/main/main.go:43.17,45.4 1 0
github.com/sshaparenko/validgate/cmd/main/main.go:46.3,47.18 2 0
github.com/sshaparenko/validgate/cmd/main/main.go:50.2,52.47 3 0
github.com/sshaparenko/validgate/cmd/main/main.go:52.47,54.3 1 0
github.com/sshaparenko/validgate/cmd/main/main.go:56.2,56.20 1 0
github.com/sshaparenko/validgate/cmd/main/main.go:59.29,64.40 4 0
github.com/sshaparenko/validgate/cmd/main/main.go:64.40,66.3 1 0
github.com/sshaparenko/validgate/cmd/main/main.go:68.2,68.10 1 0
github.com/sshaparenko/validgate/internal/domain/models.go:17.41,19.16 2 0
github.com/sshaparenko/validgate/internal/domain/models.go:19.16,21.3 1 0
github.com/sshaparenko/validgate/internal/domain/models.go:22.2,22.50 1 0
github.com/sshaparenko/validgate/internal/domain/models.go:22.50,24.3 1 0
github.com/sshaparenko/validgate/internal/domain/models.go:26.2,26.20 1 0
github.com/sshaparenko/validgate/internal/domain/models.go:34.84,35.9 1 0
github.com/sshaparenko/validgate/internal/domain/models.go:36.48,37.42 1 0
github.com/sshaparenko/validgate/internal/domain/models.go:38.52,39.42 1 0
github.com/sshaparenko/validgate/internal/domain/models.go:40.10,41.34 1 0
github.com/sshaparenko/validgate/internal/domain/models.go:43.2,43.12 1 0
github.com/sshaparenko/validgate/internal/handlers/handlers.go:16.59,19.16 3 0
github.com/sshaparenko/validgate/internal/handlers/handlers.go:19.16,27.23 2 0
github.com/sshaparenko/validgate/internal/handlers/handlers.go:27.23,29.4 1 0
github.com/sshaparenko/validgate/internal/handlers/handlers.go:30.3,30.9 1 0
github.com/sshaparenko/validgate/internal/handlers/handlers.go:32.2,34.49 2 0
github.com/sshaparenko/validgate/internal/handlers/handlers.go:34.49,42.23 2 0
github.com/sshaparenko/validgate/internal/handlers/handlers.go:42.23,44.4 1 0
github.com/sshaparenko/validgate/internal/handlers/handlers.go:45.3,45.9 1 0
github.com/sshaparenko/validgate/internal/handlers/handlers.go:48.2,50.42 2 0
github.com/sshaparenko/validgate/internal/handlers/handlers.go:50.42,58.23 2 0
github.com/sshaparenko/validgate/internal/handlers/handlers.go:58.23,60.4 1 0
github.com/sshaparenko/validgate/internal/handlers/handlers.go:61.3,61.9 1 0
github.com/sshaparenko/validgate/internal/handlers/handlers.go:64.2,64.40 1 0
github.com/sshaparenko/validgate/internal/handlers/handlers.go:64.40,72.23 2 0
github.com/sshaparenko/validgate/internal/handlers/handlers.go:72.23,74.4 1 0
github.com/sshaparenko/validgate/internal/handlers/handlers.go:75.3,75.9 1 0
github.com/sshaparenko/validgate/internal/handlers/handlers.go:78.2,81.22 2 0
github.com/sshaparenko/validgate/internal/handlers/handlers.go:81.22,83.3 1 0
github.com/sshaparenko/validgate/internal/handlers/handlers.go:16.59,19.16 3 0
github.com/sshaparenko/validgate/internal/handlers/handlers.go:19.16,27.23 2 0
github.com/sshaparenko/validgate/internal/handlers/handlers.go:27.23,29.4 1 0
github.com/sshaparenko/validgate/internal/handlers/handlers.go:30.3,30.9 1 0
github.com/sshaparenko/validgate/internal/handlers/handlers.go:32.2,34.49 2 0
github.com/sshaparenko/validgate/internal/handlers/handlers.go:34.49,42.23 2 0
github.com/sshaparenko/validgate/internal/handlers/handlers.go:42.23,44.4 1 0
github.com/sshaparenko/validgate/internal/handlers/handlers.go:45.3,45.9 1 0
github.com/sshaparenko/validgate/internal/handlers/handlers.go:48.2,50.42 2 0
github.com/sshaparenko/validgate/internal/handlers/handlers.go:50.42,58.23 2 0
github.com/sshaparenko/validgate/internal/handlers/handlers.go:58.23,60.4 1 0
github.com/sshaparenko/validgate/internal/handlers/handlers.go:61.3,61.9 1 0
github.com/sshaparenko/validgate/internal/handlers/handlers.go:64.2,64.40 1 0
github.com/sshaparenko/validgate/internal/handlers/handlers.go:64.40,72.23 2 0
github.com/sshaparenko/validgate/internal/handlers/handlers.go:72.23,74.4 1 0
github.com/sshaparenko/validgate/internal/handlers/handlers.go:75.3,75.9 1 0
github.com/sshaparenko/validgate/internal/handlers/handlers.go:78.2,81.22 2 0
github.com/sshaparenko/validgate/internal/handlers/handlers.go:81.22,83.3 1 0
